0 info it worked if it ends with ok
1 verbose cli [ '/Users/jacob/.nvm/versions/node/v5.0.0/bin/node',
1 verbose cli   '/Users/jacob/.nvm/versions/node/v5.0.0/bin/npm',
1 verbose cli   'start' ]
2 info using npm@3.5.0
3 info using node@v5.0.0
4 verbose run-script [ 'prestart', 'start', 'poststart' ]
5 info lifecycle react-with-tony@1.0.0~prestart: react-with-tony@1.0.0
6 silly lifecycle react-with-tony@1.0.0~prestart: no script for prestart, continuing
7 info lifecycle react-with-tony@1.0.0~start: react-with-tony@1.0.0
8 verbose lifecycle react-with-tony@1.0.0~start: unsafe-perm in lifecycle true
9 verbose lifecycle react-with-tony@1.0.0~start: PATH: /Users/jacob/.nvm/versions/node/v5.0.0/lib/node_modules/npm/bin/node-gyp-bin:/Users/jacob/code/practice/react-with-tony/node_modules/.bin:/Users/jacob/.opam/system/bin:/Users/jacob/google-cloud-sdk/bin:/Users/jacob/.nvm/versions/node/v5.0.0/bin:/usr/local/bin:/usr/bin:/bin:/usr/sbin:/sbin
10 verbose lifecycle react-with-tony@1.0.0~start: CWD: /Users/jacob/code/practice/react-with-tony
11 silly lifecycle react-with-tony@1.0.0~start: Args: [ '-c', 'development' ]
12 info lifecycle react-with-tony@1.0.0~start: Failed to exec start script
13 verbose stack Error: react-with-tony@1.0.0 start: `development`
13 verbose stack spawn ENOENT
13 verbose stack     at ChildProcess.<anonymous> (/Users/jacob/.nvm/versions/node/v5.0.0/lib/node_modules/npm/lib/utils/spawn.js:17:16)
13 verbose stack     at emitTwo (events.js:87:13)
13 verbose stack     at ChildProcess.emit (events.js:172:7)
13 verbose stack     at maybeClose (internal/child_process.js:818:16)
13 verbose stack     at Process.ChildProcess._handle.onexit (internal/child_process.js:211:5)
14 verbose pkgid react-with-tony@1.0.0
15 verbose cwd /Users/jacob/code/practice/react-with-tony
16 error Darwin 15.3.0
17 error argv "/Users/jacob/.nvm/versions/node/v5.0.0/bin/node" "/Users/jacob/.nvm/versions/node/v5.0.0/bin/npm" "start"
18 error node v5.0.0
19 error npm  v3.5.0
20 error file sh
21 error code ELIFECYCLE
22 error errno ENOENT
23 error syscall spawn
24 error react-with-tony@1.0.0 start: `development`
24 error spawn ENOENT
25 error Failed at the react-with-tony@1.0.0 start script 'development'.
25 error Make sure you have the latest version of node.js and npm installed.
25 error If you do, this is most likely a problem with the react-with-tony package,
25 error not with npm itself.
25 error Tell the author that this fails on your system:
25 error     development
25 error You can get their info via:
25 error     npm owner ls react-with-tony
25 error There is likely additional logging output above.
26 verbose exit [ 1, true ]
